# JRE version: Java(TM) SE Runtime Environment (17.0.7+8) (build 17.0.7+8-LTS-224)
# Java VM: Java HotSpot(TM) 64-Bit Server VM (17.0.7+8-LTS-224, mixed mode, sharing, tiered, compressed oops, compressed class ptrs, g1 gc, windows-amd64)
GC Precious Log:
 CPUs: 8 total, 8 available
 Memory: 16258M
 Large Page Support: Disabled
 NUMA Support: Disabled
 Compressed Oops: Enabled (Zero based)
 Heap Region Size: 2M
 Heap Min Capacity: 8M
 Heap Initial Capacity: 256M
 Heap Max Capacity: 4066M
 Pre-touch: Disabled
 Parallel Workers: 8
 Concurrent Workers: 2
 Concurrent Refinement Workers: 8
 Periodic GC: Disabled
Heap:
 garbage-first heap   total 61440K, used 30356K [0x0000000701e00000, 0x0000000800000000)
  region size 2048K, 10 young (20480K), 2 survivors (4096K)
 Metaspace       used 24516K, committed 24832K, reserved 1073152K
  class space    used 2833K, committed 3008K, reserved 1048576K
GC Heap History (8 events):
Event: 7.603 GC heap before
{Heap before GC invocations=0 (full 0):
 garbage-first heap   total 262144K, used 22528K [0x0000000701e00000, 0x0000000800000000)
  region size 2048K, 11 young (22528K), 0 survivors (0K)
 Metaspace       used 6252K, committed 6464K, reserved 1056768K
  class space    used 660K, committed 768K, reserved 1048576K
}
Event: 7.617 GC heap after
{Heap after GC invocations=1 (full 0):
 garbage-first heap   total 262144K, used 11936K [0x0000000701e00000, 0x0000000800000000)
  region size 2048K, 2 young (4096K), 2 survivors (4096K)
 Metaspace       used 6252K, committed 6464K, reserved 1056768K
  class space    used 660K, committed 768K, reserved 1048576K
}
Event: 10.156 GC heap before
{Heap before GC invocations=1 (full 0):
 garbage-first heap   total 262144K, used 28320K [0x0000000701e00000, 0x0000000800000000)
  region size 2048K, 10 young (20480K), 2 survivors (4096K)
 Metaspace       used 13655K, committed 13824K, reserved 1064960K
  class space    used 1518K, committed 1600K, reserved 1048576K
}
Event: 10.169 GC heap after
{Heap after GC invocations=2 (full 0):
 garbage-first heap   total 262144K, used 15151K [0x0000000701e00000, 0x0000000800000000)
  region size 2048K, 2 young (4096K), 2 survivors (4096K)
 Metaspace       used 13655K, committed 13824K, reserved 1064960K
  class space    used 1518K, committed 1600K, reserved 1048576K
}
Event: 11.778 GC heap before
{Heap before GC invocations=2 (full 0):
 garbage-first heap   total 262144K, used 49967K [0x0000000701e00000, 0x0000000800000000)
  region size 2048K, 20 young (40960K), 2 survivors (4096K)
 Metaspace       used 15993K, committed 16192K, reserved 1064960K
  class space    used 1702K, committed 1792K, reserved 1048576K
}
Event: 11.784 GC heap after
{Heap after GC invocations=3 (full 0):
 garbage-first heap   total 262144K, used 15649K [0x0000000701e00000, 0x0000000800000000)
  region size 2048K, 2 young (4096K), 2 survivors (4096K)
 Metaspace       used 15993K, committed 16192K, reserved 1064960K
  class space    used 1702K, committed 1792K, reserved 1048576K
}
Event: 15.093 GC heap before
{Heap before GC invocations=3 (full 0):
 garbage-first heap   total 262144K, used 95521K [0x0000000701e00000, 0x0000000800000000)
  region size 2048K, 42 young (86016K), 2 survivors (4096K)
 Metaspace       used 21273K, committed 21504K, reserved 1073152K
  class space    used 2409K, committed 2560K, reserved 1048576K
}
Event: 15.101 GC heap after
{Heap after GC invocations=4 (full 0):
 garbage-first heap   total 262144K, used 16020K [0x0000000701e00000, 0x0000000800000000)
  region size 2048K, 2 young (4096K), 2 survivors (4096K)
 Metaspace       used 21273K, committed 21504K, reserved 1073152K
  class space    used 2409K, committed 2560K, reserved 1048576K
}

